Title: San Fierro Roleplay
Version: v0.9


* New features
	-Fahrschule
	-Essens Läden
	-Alter hinzugefügt
	-Wohnort hinzugefügt
	-Doppelklick auf Spieler (TAB) teleportiert zum Spieler (Aduty)


* Changes
	-Praktik Test in Fahrschule
	-Theorie Test in Fahrschule
	-/sm hinzugefügt
	-/buyfood hinzugefügt
	-/changeskin hinzugefügt
	-Map Icons
	-/perso verändert
	-Rauchgranaten für das S.W.A.T.


* Fixes
	-Bug bei /schein behoben
	-Bug bei /showscheine behoben
	-Bug bei /scheine behoben



Exported on 20.05.2018 02:14:36
